Using pre-set license
Built from '2020.2/release' branch; Version is '2020.2.0f1 (3721df5a8b28) revision 3613151'; Using compiler version '192528614'; Build Type 'Release'
OS: 'Windows 10  (10.0.0) 64bit' Language: 'en' Physical Memory: 8065 MB
BatchMode: 1, IsHumanControllingUs: 0, StartBugReporterOnCrash: 0, Is64bit: 1, IsPro: 0

 COMMAND LINE ARGUMENTS:
D:\Programs\Unity\Unity Hub\Editor\2020.2.0f1\Editor\Unity.exe
-adb2
-batchMode
-noUpm
-name
AssetImportWorker0
-projectPath
D:/EDUCATION/MCAST_4.2B/Programming for Computer Games/Assignments/DamjanVelichkovski_SWD4.2B_Assignment/HomeAssignment/2DCarGameAssignment
-logFile
Logs/AssetImportWorker0.log
-srvPort
65311
Successfully changed project path to: D:/EDUCATION/MCAST_4.2B/Programming for Computer Games/Assignments/DamjanVelichkovski_SWD4.2B_Assignment/HomeAssignment/2DCarGameAssignment
D:/EDUCATION/MCAST_4.2B/Programming for Computer Games/Assignments/DamjanVelichkovski_SWD4.2B_Assignment/HomeAssignment/2DCarGameAssignment
Using Asset Import Pipeline V2.
Refreshing native plugins compatible for Editor in 42.04 ms, found 1 plugins.
Preloading 0 native plugins for Editor in 0.00 ms.
Initialize engine version: 2020.2.0f1 (3721df5a8b28)
[Subsystems] Discovering subsystems at path D:/Programs/Unity/Unity Hub/Editor/2020.2.0f1/Editor/Data/Resources/UnitySubsystems
[Subsystems] Discovering subsystems at path D:/EDUCATION/MCAST_4.2B/Programming for Computer Games/Assignments/DamjanVelichkovski_SWD4.2B_Assignment/HomeAssignment/2DCarGameAssignment/Assets
GfxDevice: creating device client; threaded=0
Direct3D:
    Version:  Direct3D 11.0 [level 11.1]
    Renderer: NVIDIA GeForce GTX 1060 (ID=0x1c20)
    Vendor:   
    VRAM:     6052 MB
    Driver:   26.21.14.4587
Initialize mono
Mono path[0] = 'D:/Programs/Unity/Unity Hub/Editor/2020.2.0f1/Editor/Data/Managed'
Mono path[1] = 'D:/Programs/Unity/Unity Hub/Editor/2020.2.0f1/Editor/Data/MonoBleedingEdge/lib/mono/unityjit'
Mono config path = 'D:/Programs/Unity/Unity Hub/Editor/2020.2.0f1/Editor/Data/MonoBleedingEdge/etc'
Using monoOptions --debugger-agent=transport=dt_socket,embedding=1,server=y,suspend=n,address=127.0.0.1:56048
Begin MonoManager ReloadAssembly
Registering precompiled unity dll's ...
Register platform support module: D:/Programs/Unity/Unity Hub/Editor/2020.2.0f1/Editor/Data/PlaybackEngines/WindowsStandaloneSupport/UnityEditor.WindowsStandalone.Extensions.dll
Registered in 0.000904 seconds.
Native extension for WindowsStandalone target not found
Refreshing native plugins compatible for Editor in 33.74 ms, found 1 plugins.
Preloading 0 native plugins for Editor in 0.00 ms.
Invoked RoslynAnalysisRunner static constructor.
RoslynAnalysisRunner will not be running.
RoslynAnalysisRunner has terminated.
Mono: successfully reloaded assembly
- Completed reload, in  1.448 seconds
Platform modules already initialized, skipping
Registering precompiled user dll's ...
Registered in 0.000763 seconds.
Begin MonoManager ReloadAssembly
Native extension for WindowsStandalone target not found
Refreshing native plugins compatible for Editor in 41.68 ms, found 1 plugins.
Preloading 0 native plugins for Editor in 0.00 ms.
Invoked RoslynAnalysisRunner static constructor.
RoslynAnalysisRunner will not be running.
RoslynAnalysisRunner has terminated.
Mono: successfully reloaded assembly
- Completed reload, in  0.908 seconds
Platform modules already initialized, skipping
========================================================================
Worker process is ready to serve import requests
Launched and connected shader compiler UnityShaderCompiler.exe after 0.03 seconds
Refreshing native plugins compatible for Editor in 0.39 ms, found 1 plugins.
Preloading 0 native plugins for Editor in 0.00 ms.
Unloading 1815 Unused Serialized files (Serialized files now loaded: 0)
System memory in use before: 87.1 MB.
System memory in use after: 87.1 MB.

Unloading 24 unused Assets to reduce memory usage. Loaded Objects now: 2260.
Total: 2.084200 ms (FindLiveObjects: 0.183100 ms CreateObjectMapping: 0.075700 ms MarkObjects: 1.721700 ms  DeleteObjects: 0.102100 ms)

========================================================================
Received Import Request.
  path: Assets/Images/2DPlayerCar.png
  artifactKey: Guid(0793b387ff5844e4295cdcfce1ba92f8) Importer(815301076,1909f56bfc062723c751e8b465ee728b)
Start importing Assets/Images/2DPlayerCar.png using Guid(0793b387ff5844e4295cdcfce1ba92f8) Importer(815301076,1909f56bfc062723c751e8b465ee728b)  -> (artifact id: '964baafe8eb5866070ac871de97f7b42') in 0.249538 seconds
  Import took 0.252444 seconds .

========================================================================
Received Import Request.
  Time since last request: 0.000339 seconds.
  path: Assets/Fonts/batmfa__ SDF.asset
  artifactKey: Guid(644e5cd663abf80478009e803af43ca7) Importer(815301076,1909f56bfc062723c751e8b465ee728b)
Start importing Assets/Fonts/batmfa__ SDF.asset using Guid(644e5cd663abf80478009e803af43ca7) Importer(815301076,1909f56bfc062723c751e8b465ee728b)  -> (artifact id: '8b47facda7e8d81d3de21d730a5676e9') in 0.252830 seconds
  Import took 0.255605 seconds .

========================================================================
Received Import Request.
  Time since last request: 0.000340 seconds.
  path: Assets/TextMesh Pro/Sprites/EmojiOne.png
  artifactKey: Guid(dffef66376be4fa480fb02b19edbe903) Importer(815301076,1909f56bfc062723c751e8b465ee728b)
Start importing Assets/TextMesh Pro/Sprites/EmojiOne.png using Guid(dffef66376be4fa480fb02b19edbe903) Importer(815301076,1909f56bfc062723c751e8b465ee728b)  -> (artifact id: 'b122ed30e18f7bde5e4eecee817e1580') in 0.034940 seconds
  Import took 0.038851 seconds .

========================================================================
Received Import Request.
  Time since last request: 0.000464 seconds.
  path: Assets/VFX/90457507_887366475055231_7703201098676305920_n.png
  artifactKey: Guid(f98ed5ad2bbe2824791e7cf551e09c13) Importer(815301076,1909f56bfc062723c751e8b465ee728b)
Start importing Assets/VFX/90457507_887366475055231_7703201098676305920_n.png using Guid(f98ed5ad2bbe2824791e7cf551e09c13) Importer(815301076,1909f56bfc062723c751e8b465ee728b)  -> (artifact id: '14444b4fe7e7f3bd3d6ba7dd00f091a3') in 0.037759 seconds
  Import took 0.048143 seconds .

========================================================================
Received Import Request.
  Time since last request: 7.632333 seconds.
  path: Assets/Audio/BackgroundMusic.mp3
  artifactKey: Guid(8cd208fcabe619e4896efec56b061512) Importer(815301076,1909f56bfc062723c751e8b465ee728b)
Start importing Assets/Audio/BackgroundMusic.mp3 using Guid(8cd208fcabe619e4896efec56b061512) Importer(815301076,1909f56bfc062723c751e8b465ee728b)  -> (artifact id: '9209d3f0748e84bac8806eac9fa14f72') in 0.155977 seconds
  Import took 0.158965 seconds .

========================================================================
Received Import Request.
  Time since last request: 0.000330 seconds.
  path: Assets/Audio/Death.mp3
  artifactKey: Guid(6c7c7ea5e0dfcec429e0b3e082c7d586) Importer(815301076,1909f56bfc062723c751e8b465ee728b)
Start importing Assets/Audio/Death.mp3 using Guid(6c7c7ea5e0dfcec429e0b3e082c7d586) Importer(815301076,1909f56bfc062723c751e8b465ee728b)  -> (artifact id: '2b84506ce0a2735244e18c7ad102f537') in 0.019428 seconds
  Import took 0.025336 seconds .

========================================================================
Received Import Request.
  Time since last request: 0.001166 seconds.
  path: Assets/Audio/Win.mp3
  artifactKey: Guid(718b5cae8fb31a34ca081dfaf5cf8fb5) Importer(815301076,1909f56bfc062723c751e8b465ee728b)
Start importing Assets/Audio/Win.mp3 using Guid(718b5cae8fb31a34ca081dfaf5cf8fb5) Importer(815301076,1909f56bfc062723c751e8b465ee728b)  -> (artifact id: 'cb5a80ae071d67760f9417c2b3bd64cf') in 0.026147 seconds
  Import took 0.030605 seconds .

========================================================================
Received Import Request.
  Time since last request: 26.528294 seconds.
  path: Assets/Screenshot 2021-01-20 024919.png
  artifactKey: Guid(74082d1641f5e6c4ba93e77e61d70d47) Importer(815301076,1909f56bfc062723c751e8b465ee728b)
Start importing Assets/Screenshot 2021-01-20 024919.png using Guid(74082d1641f5e6c4ba93e77e61d70d47) Importer(815301076,1909f56bfc062723c751e8b465ee728b)  -> (artifact id: 'd104d64f126e4ae1ec16efc4b986e58e') in 0.052631 seconds
  Import took 0.055863 seconds .

========================================================================
Received Import Request.
  Time since last request: 8.226884 seconds.
  path: Assets/Images/FormulaCar.png
  artifactKey: Guid(b2fe050b933b5d44f8442f02bdfe66db) Importer(815301076,1909f56bfc062723c751e8b465ee728b)
Start importing Assets/Images/FormulaCar.png using Guid(b2fe050b933b5d44f8442f02bdfe66db) Importer(815301076,1909f56bfc062723c751e8b465ee728b)  -> (artifact id: 'f6572bc95e388fb98fd167734cf9477e') in 0.058338 seconds
  Import took 0.061722 seconds .

========================================================================
Received Import Request.
  Time since last request: 0.000302 seconds.
  path: Assets/Images/Laser.png
  artifactKey: Guid(0df9e6d09caf45645a72049b125dbfd6) Importer(815301076,1909f56bfc062723c751e8b465ee728b)
Start importing Assets/Images/Laser.png using Guid(0df9e6d09caf45645a72049b125dbfd6) Importer(815301076,1909f56bfc062723c751e8b465ee728b)  -> (artifact id: '4173e01dab0258f11901402017c076a7') in 0.021399 seconds
  Import took 0.024894 seconds .

========================================================================
Received Import Request.
  Time since last request: 0.259657 seconds.
  path: Assets/TextMesh Pro/Resources/Fonts & Materials/LiberationSans SDF - Fallback.asset
  artifactKey: Guid(2e498d1c8094910479dc3e1b768306a4) Importer(815301076,1909f56bfc062723c751e8b465ee728b)
Start importing Assets/TextMesh Pro/Resources/Fonts & Materials/LiberationSans SDF - Fallback.asset using Guid(2e498d1c8094910479dc3e1b768306a4) Importer(815301076,1909f56bfc062723c751e8b465ee728b)  -> (artifact id: 'ea7143196b6b11cdecd063299ce8deb4') in 0.091269 seconds
  Import took 0.094303 seconds .

========================================================================
Received Import Request.
  Time since last request: 0.000353 seconds.
  path: Assets/Images/PoliceCar.png
  artifactKey: Guid(0f3385868226f2646a023881f00ffc16) Importer(815301076,1909f56bfc062723c751e8b465ee728b)
Start importing Assets/Images/PoliceCar.png using Guid(0f3385868226f2646a023881f00ffc16) Importer(815301076,1909f56bfc062723c751e8b465ee728b)  -> (artifact id: 'e10fbc8cae12141a393ac875cf7c8139') in 0.018498 seconds
  Import took 0.022356 seconds .

========================================================================
Received Import Request.
  Time since last request: 0.000314 seconds.
  path: Assets/Images/RedCar.png
  artifactKey: Guid(9351452e491a4344f8e591a9e1509244) Importer(815301076,1909f56bfc062723c751e8b465ee728b)
Start importing Assets/Images/RedCar.png using Guid(9351452e491a4344f8e591a9e1509244) Importer(815301076,1909f56bfc062723c751e8b465ee728b)  -> (artifact id: '2e02bc552742d4636424f475b4ca7f17') in 0.034137 seconds
  Import took 0.038282 seconds .

========================================================================
Received Import Request.
  Time since last request: 0.000385 seconds.
  path: Assets/TextMesh Pro/Resources/Fonts & Materials/LiberationSans SDF.asset
  artifactKey: Guid(8f586378b4e144a9851e7b34d9b748ee) Importer(815301076,1909f56bfc062723c751e8b465ee728b)
Start importing Assets/TextMesh Pro/Resources/Fonts & Materials/LiberationSans SDF.asset using Guid(8f586378b4e144a9851e7b34d9b748ee) Importer(815301076,1909f56bfc062723c751e8b465ee728b)  -> (artifact id: 'c6b7b9edcfa4162560a8dc9c02af646e') in 0.068609 seconds
  Import took 0.073846 seconds .

========================================================================
Received Import Request.
  Time since last request: 1.868197 seconds.
  path: Assets/Images/Road.png
  artifactKey: Guid(b45f4313d544fee4cb656aeb8714f99e) Importer(815301076,1909f56bfc062723c751e8b465ee728b)
Start importing Assets/Images/Road.png using Guid(b45f4313d544fee4cb656aeb8714f99e) Importer(815301076,1909f56bfc062723c751e8b465ee728b)  -> (artifact id: '87dfb56944d87972513ef4608d6bb2ea') in 0.075058 seconds
  Import took 0.078107 seconds .

========================================================================
Received Import Request.
  Time since last request: 0.000291 seconds.
  path: Assets/Images/Rock.png
  artifactKey: Guid(1502e165b9184ef4e9563dca68cc7659) Importer(815301076,1909f56bfc062723c751e8b465ee728b)
Start importing Assets/Images/Rock.png using Guid(1502e165b9184ef4e9563dca68cc7659) Importer(815301076,1909f56bfc062723c751e8b465ee728b)  -> (artifact id: '533550eff08f14a5991aeeb96609f064') in 0.027786 seconds
  Import took 0.032284 seconds .

========================================================================
Received Import Request.
  Time since last request: 0.506111 seconds.
  path: Assets/Images/Truck.png
  artifactKey: Guid(444bb17ba73414941bae7ed190145c7d) Importer(815301076,1909f56bfc062723c751e8b465ee728b)
Start importing Assets/Images/Truck.png using Guid(444bb17ba73414941bae7ed190145c7d) Importer(815301076,1909f56bfc062723c751e8b465ee728b)  -> (artifact id: 'cf2d7560e8a48e85e1887742554f7f7f') in 0.119255 seconds
  Import took 0.122562 seconds .

========================================================================
Received Import Request.
  Time since last request: 0.000791 seconds.
  path: Assets/Images/Truck.png
  artifactKey: Guid(444bb17ba73414941bae7ed190145c7d) Importer(815301076,1909f56bfc062723c751e8b465ee728b)
Start importing Assets/Images/Truck.png using Guid(444bb17ba73414941bae7ed190145c7d) Importer(815301076,1909f56bfc062723c751e8b465ee728b)  -> (artifact id: 'cf2d7560e8a48e85e1887742554f7f7f') in 0.018222 seconds
  Import took 0.024843 seconds .

========================================================================
Received Prepare
Refreshing native plugins compatible for Editor in 1.28 ms, found 1 plugins.
Preloading 0 native plugins for Editor in 0.00 ms.
Unloading 10 Unused Serialized files (Serialized files now loaded: 0)
System memory in use before: 54.4 MB.
System memory in use after: 54.4 MB.

Unloading 10 unused Assets to reduce memory usage. Loaded Objects now: 2325.
Total: 11.373000 ms (FindLiveObjects: 0.223500 ms CreateObjectMapping: 0.072900 ms MarkObjects: 10.970400 ms  DeleteObjects: 0.103400 ms)

========================================================================
Received Prepare
Registering precompiled user dll's ...
Registered in 0.000894 seconds.
Begin MonoManager ReloadAssembly
Native extension for WindowsStandalone target not found
Refreshing native plugins compatible for Editor in 0.33 ms, found 1 plugins.
Preloading 0 native plugins for Editor in 0.00 ms.
Invoked RoslynAnalysisRunner static constructor.
RoslynAnalysisRunner will not be running.
RoslynAnalysisRunner has terminated.
Mono: successfully reloaded assembly
- Completed reload, in  0.805 seconds
Platform modules already initialized, skipping
Refreshing native plugins compatible for Editor in 0.37 ms, found 1 plugins.
Preloading 0 native plugins for Editor in 0.00 ms.
Unloading 1800 Unused Serialized files (Serialized files now loaded: 0)
System memory in use before: 90.5 MB.
System memory in use after: 90.5 MB.

Unloading 12 unused Assets to reduce memory usage. Loaded Objects now: 2328.
Total: 1.990400 ms (FindLiveObjects: 0.274300 ms CreateObjectMapping: 0.077300 ms MarkObjects: 1.549000 ms  DeleteObjects: 0.087500 ms)

========================================================================
Received Prepare
Refreshing native plugins compatible for Editor in 1.31 ms, found 1 plugins.
Preloading 0 native plugins for Editor in 0.00 ms.
Unloading 13 Unused Serialized files (Serialized files now loaded: 0)
System memory in use before: 54.1 MB.
System memory in use after: 54.1 MB.

Unloading 10 unused Assets to reduce memory usage. Loaded Objects now: 2328.
Total: 2.179900 ms (FindLiveObjects: 0.226400 ms CreateObjectMapping: 0.083100 ms MarkObjects: 1.779200 ms  DeleteObjects: 0.088400 ms)

========================================================================
Received Import Request.
  Time since last request: 619.277315 seconds.
  path: Assets/Screenshot 2021-01-20 024919.png
  artifactKey: Guid(74082d1641f5e6c4ba93e77e61d70d47) Importer(815301076,1909f56bfc062723c751e8b465ee728b)
Start importing Assets/Screenshot 2021-01-20 024919.png using Guid(74082d1641f5e6c4ba93e77e61d70d47) Importer(815301076,1909f56bfc062723c751e8b465ee728b)  -> (artifact id: '976df5016dfc01288659f5686ed2b571') in 0.058366 seconds
  Import took 0.062004 seconds .

========================================================================
Received Prepare
Refreshing native plugins compatible for Editor in 1.21 ms, found 1 plugins.
Preloading 0 native plugins for Editor in 0.00 ms.
Unloading 10 Unused Serialized files (Serialized files now loaded: 0)
System memory in use before: 54.3 MB.
System memory in use after: 54.3 MB.

Unloading 10 unused Assets to reduce memory usage. Loaded Objects now: 2329.
Total: 2.827600 ms (FindLiveObjects: 0.228000 ms CreateObjectMapping: 0.075200 ms MarkObjects: 2.430300 ms  DeleteObjects: 0.092200 ms)

AssetImportWorkerClient::OnTransportError - code=2 error=End of file
